C:\Program Files\Microsoft Visual Studio\2022\Community\MSBuild\Microsoft\VC\v170\Microsoft.CppBuild.targets(534,5): warning MSB8028: The intermediate directory (x64\Debug\) contains files shared from another project (Project 1.vcxproj).  This can lead to incorrect clean and rebuild behavior.
  Player.cpp
  Button.cpp
C:\Users\ralfz\source\repos\SFML\Project 1\src\Button.h(2,10): warning C4067: unexpected tokens following preprocessor directive - expected a newline
  GameScene.cpp
  MainMenuScene.cpp
C:\Users\ralfz\source\repos\SFML\Project 1\src\Scenes\MainMenuScene.h(2,10): warning C4067: unexpected tokens following preprocessor directive - expected a newline
C:\Users\ralfz\source\repos\SFML\Project 1\src\Button.h(2,10): warning C4067: unexpected tokens following preprocessor directive - expected a newline
C:\Users\ralfz\source\repos\SFML\Project 1\src\GameManager.h(29,2): warning C4091: 'static ': ignored on left of 'GameManager' when no variable is declared
  SceneManager.cpp
  Scene.cpp
  Sprite.cpp
  Rectangle.cpp
  IShape.cpp
  GameManager.cpp
C:\Users\ralfz\source\repos\SFML\Project 1\src\GameManager.h(29,2): warning C4091: 'static ': ignored on left of 'GameManager' when no variable is declared
C:\Users\ralfz\source\repos\SFML\Project 1\src\Scenes\MainMenuScene.h(2,10): warning C4067: unexpected tokens following preprocessor directive - expected a newline
C:\Users\ralfz\source\repos\SFML\Project 1\src\Button.h(2,10): warning C4067: unexpected tokens following preprocessor directive - expected a newline
C:\Users\ralfz\source\repos\SFML\Project 1\src\GameManager.cpp(52,82): warning C4244: 'argument': conversion from 'int' to 'T', possible loss of data
          with
          [
              T=float
          ]
C:\Users\ralfz\source\repos\SFML\Project 1\src\GameManager.cpp(52,61): warning C4244: 'argument': conversion from 'int' to 'T', possible loss of data
          with
          [
              T=float
          ]
  GameObject.cpp
  main.cpp
C:\Users\ralfz\source\repos\SFML\Project 1\src\GameManager.h(29,2): warning C4091: 'static ': ignored on left of 'GameManager' when no variable is declared
  Vector2.cpp
C:\Users\ralfz\source\repos\SFML\Project 1\src\Vector2.cpp(33,14): warning C4244: 'return': conversion from 'double' to 'float', possible loss of data
C:\Users\ralfz\source\repos\SFML\Project 1\src\Vector2.cpp(38,28): warning C4244: 'return': conversion from 'double' to 'float', possible loss of data
  Generating Code...
Player.obj : error LNK2019: unresolved external symbol "__declspec(dllimport) public: static bool __cdecl sf::Keyboard::isKeyPressed(enum sf::Keyboard::Key)" (__imp_?isKeyPressed@Keyboard@sf@@SA_NW4Key@12@@Z) referenced in function "public: virtual void __cdecl Player::Update(void)" (?Update@Player@@UEAAXXZ)
Player.obj : error LNK2019: unresolved external symbol "__declspec(dllimport) public: __cdecl sf::Texture::Texture(void)" (__imp_??0Texture@sf@@QEAA@XZ) referenced in function "public: __cdecl Player::Player(float,float)" (??0Player@@QEAA@MM@Z)
Player.obj : error LNK2019: unresolved external symbol "__declspec(dllimport) public: __cdecl sf::Texture::~Texture(void)" (__imp_??1Texture@sf@@QEAA@XZ) referenced in function "public: __cdecl Player::Player(float,float)" (??0Player@@QEAA@MM@Z)
Sprite.obj : error LNK2001: unresolved external symbol "__declspec(dllimport) public: __cdecl sf::Texture::~Texture(void)" (__imp_??1Texture@sf@@QEAA@XZ)
Player.obj : error LNK2019: unresolved external symbol "__declspec(dllimport) public: bool __cdecl sf::Texture::loadFromFile(class std::basic_string<char,struct std::char_traits<char>,class std::allocator<char> > const &,class sf::Rect<int> const &)" (__imp_?loadFromFile@Texture@sf@@QEAA_NAEBV?$basic_string@DU?$char_traits@D@std@@V?$allocator@D@2@@std@@AEBV?$Rect@H@2@@Z) referenced in function "public: __cdecl Player::Player(float,float)" (??0Player@@QEAA@MM@Z)
Player.obj : error LNK2019: unresolved external symbol "__declspec(dllimport) public: void __cdecl sf::Sprite::setTexture(class sf::Texture const &,bool)" (__imp_?setTexture@Sprite@sf@@QEAAXAEBVTexture@2@_N@Z) referenced in function "public: __cdecl Player::Player(float,float)" (??0Player@@QEAA@MM@Z)
Player.obj : error LNK2019: unresolved external symbol "__declspec(dllimport) public: virtual __cdecl sf::Sprite::~Sprite(void)" (__imp_??1Sprite@sf@@UEAA@XZ) referenced in function "public: __cdecl GameObject::~GameObject(void)" (??1GameObject@@QEAA@XZ)
GameObject.obj : error LNK2001: unresolved external symbol "__declspec(dllimport) public: virtual __cdecl sf::Sprite::~Sprite(void)" (__imp_??1Sprite@sf@@UEAA@XZ)
Button.obj : error LNK2019: unresolved external symbol "__declspec(dllimport) public: void __cdecl sf::Transformable::setPosition(class sf::Vector2<float> const &)" (__imp_?setPosition@Transformable@sf@@QEAAXAEBV?$Vector2@M@2@@Z) referenced in function "public: __cdecl Button::Button(class sf::Vector2<float> const &,class sf::Vector2<float> const &,class sf::Color const &,class std::function<void __cdecl(void)>)" (??0Button@@QEAA@AEBV?$Vector2@M@sf@@0AEBVColor@2@V?$function@$$A6AXXZ@std@@@Z)
Button.obj : error LNK2019: unresolved external symbol "__declspec(dllimport) public: void __cdecl sf::Shape::setFillColor(class sf::Color const &)" (__imp_?setFillColor@Shape@sf@@QEAAXAEBVColor@2@@Z) referenced in function "public: __cdecl Button::Button(class sf::Vector2<float> const &,class sf::Vector2<float> const &,class sf::Color const &,class std::function<void __cdecl(void)>)" (??0Button@@QEAA@AEBV?$Vector2@M@sf@@0AEBVColor@2@V?$function@$$A6AXXZ@std@@@Z)
Button.obj : error LNK2019: unresolved external symbol "__declspec(dllimport) public: class sf::Rect<float> __cdecl sf::Shape::getGlobalBounds(void)const " (__imp_?getGlobalBounds@Shape@sf@@QEBA?AV?$Rect@M@2@XZ) referenced in function "public: bool __cdecl Button::isMouseOver(class sf::Vector2<float> const &)const " (?isMouseOver@Button@@QEBA_NAEBV?$Vector2@M@sf@@@Z)
Button.obj : error LNK2019: unresolved external symbol "__declspec(dllimport) public: __cdecl sf::RectangleShape::RectangleShape(class sf::Vector2<float> const &)" (__imp_??0RectangleShape@sf@@QEAA@AEBV?$Vector2@M@1@@Z) referenced in function "public: __cdecl Button::Button(class sf::Vector2<float> const &,class sf::Vector2<float> const &,class sf::Color const &,class std::function<void __cdecl(void)>)" (??0Button@@QEAA@AEBV?$Vector2@M@sf@@0AEBVColor@2@V?$function@$$A6AXXZ@std@@@Z)
Button.obj : error LNK2019: unresolved external symbol "__declspec(dllimport) public: virtual __cdecl sf::RectangleShape::~RectangleShape(void)" (__imp_??1RectangleShape@sf@@UEAA@XZ) referenced in function "int `public: __cdecl Button::Button(class sf::Vector2<float> const &,class sf::Vector2<float> const &,class Vector2<float>::Color const &,class std::function<void __cdecl(void)>)'::`1'::dtor$1" (?dtor$1@?0???0Button@@QEAA@AEBV?$Vector2@M@sf@@0AEBVColor@2@V?$function@$$A6AXXZ@std@@@Z@4HA)
MainMenuScene.obj : error LNK2001: unresolved external symbol "__declspec(dllimport) public: virtual __cdecl sf::RectangleShape::~RectangleShape(void)" (__imp_??1RectangleShape@sf@@UEAA@XZ)
GameManager.obj : error LNK2001: unresolved external symbol "__declspec(dllimport) public: virtual __cdecl sf::RectangleShape::~RectangleShape(void)" (__imp_??1RectangleShape@sf@@UEAA@XZ)
Button.obj : error LNK2019: unresolved external symbol "__declspec(dllimport) public: void __cdecl sf::RenderTarget::draw(class sf::Drawable const &,class sf::RenderStates const &)" (__imp_?draw@RenderTarget@sf@@QEAAXAEBVDrawable@2@AEBVRenderStates@2@@Z) referenced in function "public: void __cdecl Button::render(class sf::RenderWindow &)" (?render@Button@@QEAAXAEAVRenderWindow@sf@@@Z)
GameObject.obj : error LNK2001: unresolved external symbol "__declspec(dllimport) public: void __cdecl sf::RenderTarget::draw(class sf::Drawable const &,class sf::RenderStates const &)" (__imp_?draw@RenderTarget@sf@@QEAAXAEBVDrawable@2@AEBVRenderStates@2@@Z)
Button.obj : error LNK2019: unresolved external symbol "__declspec(dllimport) public: static class sf::RenderStates const sf::RenderStates::Default" (__imp_?Default@RenderStates@sf@@2V12@B) referenced in function "public: void __cdecl Button::render(class sf::RenderWindow &)" (?render@Button@@QEAAXAEAVRenderWindow@sf@@@Z)
GameObject.obj : error LNK2001: unresolved external symbol "__declspec(dllimport) public: static class sf::RenderStates const sf::RenderStates::Default" (__imp_?Default@RenderStates@sf@@2V12@B)
MainMenuScene.obj : error LNK2019: unresolved external symbol "__declspec(dllimport) public: __cdecl sf::RectangleShape::RectangleShape(class sf::RectangleShape const &)" (__imp_??0RectangleShape@sf@@QEAA@AEBV01@@Z) referenced in function "public: __cdecl Button::Button(class Button const &)" (??0Button@@QEAA@AEBV0@@Z)
MainMenuScene.obj : error LNK2019: unresolved external symbol "__declspec(dllimport) public: __cdecl sf::RectangleShape::RectangleShape(class sf::RectangleShape &&)" (__imp_??0RectangleShape@sf@@QEAA@$$QEAV01@@Z) referenced in function "public: __cdecl Button::Button(class Button &&)" (??0Button@@QEAA@$$QEAV0@@Z)
MainMenuScene.obj : error LNK2019: unresolved external symbol "__declspec(dllimport) public: static class sf::Color const sf::Color::Green" (__imp_?Green@Color@sf@@2V12@B) referenced in function "public: __cdecl MainMenuScene::MainMenuScene(void)" (??0MainMenuScene@@QEAA@XZ)
MainMenuScene.obj : error LNK2019: unresolved external symbol "__declspec(dllimport) public: static class sf::Color const sf::Color::Blue" (__imp_?Blue@Color@sf@@2V12@B) referenced in function "public: __cdecl MainMenuScene::MainMenuScene(void)" (??0MainMenuScene@@QEAA@XZ)
GameManager.obj : error LNK2019: unresolved external symbol "__declspec(dllimport) public: __cdecl sf::String::String(char const *,class std::locale const &)" (__imp_??0String@sf@@QEAA@PEBDAEBVlocale@std@@@Z) referenced in function "public: __cdecl GameManager::GameManager(void)" (??0GameManager@@QEAA@XZ)
GameManager.obj : error LNK2019: unresolved external symbol "__declspec(dllimport) public: __cdecl sf::String::~String(void)" (__imp_??1String@sf@@QEAA@XZ) referenced in function "public: __cdecl GameManager::GameManager(void)" (??0GameManager@@QEAA@XZ)
GameManager.obj : error LNK2019: unresolved external symbol "__declspec(dllimport) public: __cdecl sf::VideoMode::VideoMode(unsigned int,unsigned int,unsigned int)" (__imp_??0VideoMode@sf@@QEAA@III@Z) referenced in function "public: __cdecl GameManager::GameManager(void)" (??0GameManager@@QEAA@XZ)
GameManager.obj : error LNK2019: unresolved external symbol "__declspec(dllimport) public: void __cdecl sf::Window::close(void)" (__imp_?close@Window@sf@@QEAAXXZ) referenced in function "private: void __cdecl GameManager::processEvents(void)" (?processEvents@GameManager@@AEAAXXZ)
GameManager.obj : error LNK2019: unresolved external symbol "__declspec(dllimport) public: bool __cdecl sf::Window::isOpen(void)const " (__imp_?isOpen@Window@sf@@QEBA_NXZ) referenced in function "public: void __cdecl GameManager::run(void)" (?run@GameManager@@QEAAXXZ)
GameManager.obj : error LNK2019: unresolved external symbol "__declspec(dllimport) public: bool __cdecl sf::Window::pollEvent(class sf::Event &)" (__imp_?pollEvent@Window@sf@@QEAA_NAEAVEvent@2@@Z) referenced in function "private: void __cdecl GameManager::processEvents(void)" (?processEvents@GameManager@@AEAAXXZ)
GameManager.obj : error LNK2019: unresolved external symbol "__declspec(dllimport) public: void __cdecl sf::Window::display(void)" (__imp_?display@Window@sf@@QEAAXXZ) referenced in function "private: void __cdecl GameManager::render(void)" (?render@GameManager@@AEAAXXZ)
GameManager.obj : error LNK2019: unresolved external symbol "__declspec(dllimport) public: __cdecl sf::Color::Color(unsigned char,unsigned char,unsigned char,unsigned char)" (__imp_??0Color@sf@@QEAA@EEEE@Z) referenced in function "private: void __cdecl GameManager::render(void)" (?render@GameManager@@AEAAXXZ)
GameManager.obj : error LNK2019: unresolved external symbol "__declspec(dllimport) public: void __cdecl sf::RenderTarget::clear(class sf::Color const &)" (__imp_?clear@RenderTarget@sf@@QEAAXAEBVColor@2@@Z) referenced in function "private: void __cdecl GameManager::render(void)" (?render@GameManager@@AEAAXXZ)
GameManager.obj : error LNK2019: unresolved external symbol "__declspec(dllimport) public: __cdecl sf::RenderWindow::RenderWindow(class sf::VideoMode,class sf::String const &,unsigned int,struct sf::ContextSettings const &)" (__imp_??0RenderWindow@sf@@QEAA@VVideoMode@1@AEBVString@1@IAEBUContextSettings@1@@Z) referenced in function "public: __cdecl GameManager::GameManager(void)" (??0GameManager@@QEAA@XZ)
GameManager.obj : error LNK2019: unresolved external symbol "__declspec(dllimport) public: virtual __cdecl sf::RenderWindow::~RenderWindow(void)" (__imp_??1RenderWindow@sf@@UEAA@XZ) referenced in function "int `public: __cdecl GameManager::GameManager(void)'::`1'::dtor$2" (?dtor$2@?0???0GameManager@@QEAA@XZ@4HA)
GameObject.obj : error LNK2019: unresolved external symbol "__declspec(dllimport) public: void __cdecl sf::Transformable::setPosition(float,float)" (__imp_?setPosition@Transformable@sf@@QEAAXMM@Z) referenced in function "public: void __cdecl GameObject::ChangePosistion(class rmath::Vector2)" (?ChangePosistion@GameObject@@QEAAXVVector2@rmath@@@Z)
GameObject.obj : error LNK2019: unresolved external symbol "__declspec(dllimport) public: __cdecl sf::Sprite::Sprite(void)" (__imp_??0Sprite@sf@@QEAA@XZ) referenced in function "public: __cdecl GameObject::GameObject(void)" (??0GameObject@@QEAA@XZ)
GameObject.obj : error LNK2019: unresolved external symbol "__declspec(dllimport) public: __cdecl sf::Sprite::Sprite(class sf::Sprite const &)" (__imp_??0Sprite@sf@@QEAA@AEBV01@@Z) referenced in function "public: __cdecl GameObject::GameObject(class rmath::Vector2,class IShape,class sf::Sprite)" (??0GameObject@@QEAA@VVector2@rmath@@VIShape@@VSprite@sf@@@Z)
C:\Users\ralfz\source\repos\SFML\sfml\lib\sfml-graphics-d.lib : warning LNK4272: library machine type 'x86' conflicts with target machine type 'x64'
C:\Users\ralfz\source\repos\SFML\sfml\lib\sfml-window-d.lib : warning LNK4272: library machine type 'x86' conflicts with target machine type 'x64'
C:\Users\ralfz\source\repos\SFML\sfml\lib\sfml-system-d.lib : warning LNK4272: library machine type 'x86' conflicts with target machine type 'x64'
C:\Users\ralfz\source\repos\SFML\sfml\lib\sfml-network-d.lib : warning LNK4272: library machine type 'x86' conflicts with target machine type 'x64'
C:\Users\ralfz\source\repos\SFML\sfml\lib\sfml-audio-d.lib : warning LNK4272: library machine type 'x86' conflicts with target machine type 'x64'
C:\Users\ralfz\source\repos\SFML\sfml\lib\freetype.lib : warning LNK4272: library machine type 'x86' conflicts with target machine type 'x64'
C:\Users\ralfz\source\repos\SFML\sfml\lib\sfml-system.lib : warning LNK4272: library machine type 'x86' conflicts with target machine type 'x64'
C:\Users\ralfz\source\repos\SFML\sfml\lib\flac.lib : warning LNK4272: library machine type 'x86' conflicts with target machine type 'x64'
C:\Users\ralfz\source\repos\SFML\sfml\lib\vorbisenc.lib : warning LNK4272: library machine type 'x86' conflicts with target machine type 'x64'
C:\Users\ralfz\source\repos\SFML\sfml\lib\vorbisfile.lib : warning LNK4272: library machine type 'x86' conflicts with target machine type 'x64'
C:\Users\ralfz\source\repos\SFML\sfml\lib\vorbis.lib : warning LNK4272: library machine type 'x86' conflicts with target machine type 'x64'
C:\Users\ralfz\source\repos\SFML\sfml\lib\ogg.lib : warning LNK4272: library machine type 'x86' conflicts with target machine type 'x64'
C:\Users\ralfz\source\repos\SFML\x64\Debug\ParachutePanic.exe : fatal error LNK1120: 31 unresolved externals
