C:\Program Files\Microsoft Visual Studio\2022\Community\MSBuild\Microsoft\VC\v170\Microsoft.CppBuild.targets(534,5): warning MSB8028: The intermediate directory (Debug\) contains files shared from another project (Project 1.vcxproj).  This can lead to incorrect clean and rebuild behavior.
  GameManager.cpp
C:\Users\ralfz\source\repos\SFML\Project 1\src\GameData.h(2,10): warning C4067: unexpected tokens following preprocessor directive - expected a newline
C:\Users\ralfz\source\repos\SFML\Project 1\src\Scenes\MainMenuScene.h(2,10): warning C4067: unexpected tokens following preprocessor directive - expected a newline
C:\Users\ralfz\source\repos\SFML\Project 1\src\Button.h(2,10): warning C4067: unexpected tokens following preprocessor directive - expected a newline
C:\Users\ralfz\source\repos\SFML\Project 1\src\GameManager.cpp(6,10): warning C4067: unexpected tokens following preprocessor directive - expected a newline
C:\Users\ralfz\source\repos\SFML\Project 1\src\GameManager.cpp(69,82): warning C4244: 'argument': conversion from 'int' to 'T', possible loss of data
          with
          [
              T=float
          ]
C:\Users\ralfz\source\repos\SFML\Project 1\src\GameManager.cpp(69,61): warning C4244: 'argument': conversion from 'int' to 'T', possible loss of data
          with
          [
              T=float
          ]
  GameOverScene.cpp
C:\Users\ralfz\source\repos\SFML\Project 1\src\Button.h(2,10): warning C4067: unexpected tokens following preprocessor directive - expected a newline
C:\Users\ralfz\source\repos\SFML\Project 1\src\GameData.h(2,10): warning C4067: unexpected tokens following preprocessor directive - expected a newline
  Generating Code...
  Project 1.vcxproj -> C:\Users\ralfz\source\repos\SFML\Debug\ParachutePanic.exe
